<?xml version="1.0" encoding="UTF-8"?>
<!-- Generated by org.testng.reporters.JUnitXMLReporter -->
<testsuite ignored="0" hostname="DESKTOP-696G7VD" failures="0" tests="4" name="Default test" time="13.529" errors="0" timestamp="2024-01-11T05:46:50 IST">
  <testcase classname="api.test.UserTests2" name="testPostUser" time="6.338"/>
  <testcase classname="api.test.UserTests2" name="testGetUserByName" time="1.37"/>
  <testcase classname="api.test.UserTests2" name="testUpdateUserByName" time="2.617"/>
  <testcase classname="api.test.UserTests2" name="testDeleteUserByName" time="1.371"/>
</testsuite> <!-- Default test -->
