<?xml version="1.0" encoding="UTF-8"?>
<testng-results ignored="0" total="4" passed="4" failed="0" skipped="0">
  <reporter-output>
  </reporter-output>
  <suite started-at="2024-01-11T05:46:36 IST" name="Default suite" finished-at="2024-01-11T05:46:50 IST" duration-ms="13529">
    <groups>
    </groups>
    <test started-at="2024-01-11T05:46:36 IST" name="Default test" finished-at="2024-01-11T05:46:50 IST" duration-ms="13529">
      <class name="api.test.UserTests2">
        <test-method is-config="true" signature="setup()[pri:0, instance:api.test.UserTests2@740cae06]" started-at="2024-01-11T05:46:36 IST" name="setup" finished-at="2024-01-11T05:46:38 IST" duration-ms="1733" status="PASS">
          <reporter-output>
          </reporter-output>
        </test-method> <!-- setup -->
        <test-method signature="testPostUser()[pri:1, instance:api.test.UserTests2@740cae06]" started-at="2024-01-11T05:46:38 IST" name="testPostUser" finished-at="2024-01-11T05:46:44 IST" duration-ms="6338" status="PASS">
          <reporter-output>
          </reporter-output>
        </test-method> <!-- testPostUser -->
        <test-method signature="testGetUserByName()[pri:2, instance:api.test.UserTests2@740cae06]" started-at="2024-01-11T05:46:44 IST" name="testGetUserByName" finished-at="2024-01-11T05:46:46 IST" duration-ms="1370" status="PASS">
          <reporter-output>
          </reporter-output>
        </test-method> <!-- testGetUserByName -->
        <test-method signature="testUpdateUserByName()[pri:3, instance:api.test.UserTests2@740cae06]" started-at="2024-01-11T05:46:46 IST" name="testUpdateUserByName" finished-at="2024-01-11T05:46:48 IST" duration-ms="2617" status="PASS">
          <reporter-output>
          </reporter-output>
        </test-method> <!-- testUpdateUserByName -->
        <test-method signature="testDeleteUserByName()[pri:4, instance:api.test.UserTests2@740cae06]" started-at="2024-01-11T05:46:48 IST" name="testDeleteUserByName" finished-at="2024-01-11T05:46:50 IST" duration-ms="1371" status="PASS">
          <reporter-output>
          </reporter-output>
        </test-method> <!-- testDeleteUserByName -->
      </class> <!-- api.test.UserTests2 -->
    </test> <!-- Default test -->
  </suite> <!-- Default suite -->
</testng-results>
