<?xml version="1.0" encoding="UTF-8"?>
<!-- Generated by org.testng.reporters.JUnitXMLReporter -->
<testsuite ignored="0" hostname="DESKTOP-696G7VD" failures="0" tests="13" name="PetTests" time="33.006" errors="0" timestamp="2024-01-10T09:59:54 IST">
  <testcase classname="api.test.UserTests" name="testPostUser" time="6.525"/>
  <testcase classname="api.test.DDTests" name="testPostuser" time="1.888"/>
  <testcase classname="api.test.DDTests" name="testPostuser" time="1.316"/>
  <testcase classname="api.test.DDTests" name="testPostuser" time="3.118"/>
  <testcase classname="api.test.UserTests" name="testGetUserByName" time="1.37"/>
  <testcase classname="api.test.DDTests" name="testGetUserByName" time="1.28"/>
  <testcase classname="api.test.DDTests" name="testGetUserByName" time="1.209"/>
  <testcase classname="api.test.DDTests" name="testGetUserByName" time="1.234"/>
  <testcase classname="api.test.DDTests" name="testDeleteUserByName" time="1.331"/>
  <testcase classname="api.test.DDTests" name="testDeleteUserByName" time="1.314"/>
  <testcase classname="api.test.DDTests" name="testDeleteUserByName" time="1.878"/>
  <testcase classname="api.test.UserTests" name="testUpdateUserByName" time="2.643"/>
  <testcase classname="api.test.UserTests" name="testDeleteUserByName" time="1.201"/>
</testsuite> <!-- PetTests -->
